This file contains any messages produced by compilers while
running configure, to aid debugging if configure makes a mistake.

It was created by ccminer_CPU configure 3.7.1, which was
generated by GNU Autoconf 2.69.  Invocation command line was

  $ ./configure CXXFLAGS=-O2 -march=native -D_REENTRANT -falign-functions=16 -falign-jumps=16 -falign-labels=16

## --------- ##
## Platform. ##
## --------- ##

hostname = penguin
uname -m = x86_64
uname -r = 5.10.136-19394-g7a24dee39fa0
uname -s = Linux
uname -v = #1 SMP PREEMPT Wed Oct 12 18:52:22 PDT 2022

/usr/bin/uname -p = unknown
/bin/uname -X     = unknown

/bin/arch              = x86_64
/usr/bin/arch -k       = unknown
/usr/convex/getsysinfo = unknown
/usr/bin/hostinfo      = unknown
/bin/machine           = unknown
/usr/bin/oslevel       = unknown
/bin/universe          = unknown

PATH: /usr/local/bin
PATH: /usr/bin
PATH: /bin
PATH: /usr/local/games
PATH: /usr/games


## ----------- ##
## Core tests. ##
## ----------- ##

configure:2407: checking build system type
configure:2421: result: x86_64-unknown-linux-gnu
configure:2441: checking host system type
configure:2454: result: x86_64-unknown-linux-gnu
configure:2474: checking target system type
configure:2487: result: x86_64-unknown-linux-gnu
configure:2531: checking for a BSD-compatible install
configure:2599: result: /usr/bin/install -c
configure:2610: checking whether build environment is sane
configure:2665: result: yes
configure:2811: checking for a thread-safe mkdir -p
configure:2850: result: /usr/bin/mkdir -p
configure:2857: checking for gawk
configure:2887: result: no
configure:2857: checking for mawk
configure:2873: found /usr/bin/mawk
configure:2884: result: mawk
configure:2895: checking whether make sets $(MAKE)
configure:2917: result: yes
configure:2946: checking whether make supports nested variables
configure:2963: result: yes
configure:3093: checking whether to enable maintainer-specific portions of Makefiles
configure:3102: result: no
configure:3120: checking whether make supports the include directive
configure:3135: make -f confmf.GNU && cat confinc.out
this is the am__doit target
configure:3138: $? = 0
configure:3157: result: yes (GNU style)
configure:3227: checking for gcc
configure:3243: found /usr/bin/gcc
configure:3254: result: gcc
configure:3483: checking for C compiler version
configure:3492: gcc --version >&5
gcc (Debian 10.2.1-6) 10.2.1 20210110
Copyright (C) 2020 Free Software Foundation, Inc.
This is free software; see the source for copying conditions.  There is NO
warranty; not even for MERCHANTABILITY or FITNESS FOR A PARTICULAR PURPOSE.

configure:3503: $? = 0
configure:3492: gcc -v >&5
Using built-in specs.
COLLECT_GCC=gcc
COLLECT_LTO_WRAPPER=/usr/lib/gcc/x86_64-linux-gnu/10/lto-wrapper
OFFLOAD_TARGET_NAMES=nvptx-none:amdgcn-amdhsa:hsa
OFFLOAD_TARGET_DEFAULT=1
Target: x86_64-linux-gnu
Configured with: ../src/configure -v --with-pkgversion='Debian 10.2.1-6' --with-bugurl=file:///usr/share/doc/gcc-10/README.Bugs --enable-languages=c,ada,c++,go,brig,d,fortran,objc,obj-c++,m2 --prefix=/usr --with-gcc-major-version-only --program-suffix=-10 --program-prefix=x86_64-linux-gnu- --enable-shared --enable-linker-build-id --libexecdir=/usr/lib --without-included-gettext --enable-threads=posix --libdir=/usr/lib --enable-nls --enable-bootstrap --enable-clocale=gnu --enable-libstdcxx-debug --enable-libstdcxx-time=yes --with-default-libstdcxx-abi=new --enable-gnu-unique-object --disable-vtable-verify --enable-plugin --enable-default-pie --with-system-zlib --enable-libphobos-checking=release --with-target-system-zlib=auto --enable-objc-gc=auto --enable-multiarch --disable-werror --with-arch-32=i686 --with-abi=m64 --with-multilib-list=m32,m64,mx32 --enable-multilib --with-tune=generic --enable-offload-targets=nvptx-none=/build/gcc-10-Km9U7s/gcc-10-10.2.1/debian/tmp-nvptx/usr,amdgcn-amdhsa=/build/gcc-10-Km9U7s/gcc-10-10.2.1/debian/tmp-gcn/usr,hsa --without-cuda-driver --enable-checking=release --build=x86_64-linux-gnu --host=x86_64-linux-gnu --target=x86_64-linux-gnu --with-build-config=bootstrap-lto-lean --enable-link-mutex
Thread model: posix
Supported LTO compression algorithms: zlib zstd
gcc version 10.2.1 20210110 (Debian 10.2.1-6) 
... rest of stderr output deleted ...
configure:3503: $? = 0
configure:3492: gcc -V >&5
gcc: error: unrecognized command-line option '-V'
gcc: fatal error: no input files
compilation terminated.
configure:3503: $? = 1
configure:3492: gcc -qversion >&5
gcc: error: unrecognized command-line option '-qversion'; did you mean '--version'?
gcc: fatal error: no input files
compilation terminated.
configure:3503: $? = 1
configure:3523: checking whether the C compiler works
configure:3545: gcc    conftest.c  >&5
configure:3549: $? = 0
configure:3597: result: yes
configure:3600: checking for C compiler default output file name
configure:3602: result: a.out
configure:3608: checking for suffix of executables
configure:3615: gcc -o conftest    conftest.c  >&5
configure:3619: $? = 0
configure:3641: result: 
configure:3663: checking whether we are cross compiling
configure:3671: gcc -o conftest    conftest.c  >&5
configure:3675: $? = 0
configure:3682: ./conftest
configure:3686: $? = 0
configure:3701: result: no
configure:3706: checking for suffix of object files
configure:3728: gcc -c   conftest.c >&5
configure:3732: $? = 0
configure:3753: result: o
configure:3757: checking whether we are using the GNU C compiler
configure:3776: gcc -c   conftest.c >&5
configure:3776: $? = 0
configure:3785: result: yes
configure:3794: checking whether gcc accepts -g
configure:3814: gcc -c -g  conftest.c >&5
configure:3814: $? = 0
configure:3855: result: yes
configure:3872: checking for gcc option to accept ISO C89
configure:3935: gcc  -c -g -O2  conftest.c >&5
configure:3935: $? = 0
configure:3948: result: none needed
configure:3973: checking whether gcc understands -c and -o together
configure:3995: gcc -c conftest.c -o conftest2.o
configure:3998: $? = 0
configure:3995: gcc -c conftest.c -o conftest2.o
configure:3998: $? = 0
configure:4010: result: yes
configure:4029: checking dependency style of gcc
configure:4140: result: gcc3
configure:4155: checking for gcc option to accept ISO C99
configure:4304: gcc  -c -g -O2  conftest.c >&5
configure:4304: $? = 0
configure:4317: result: none needed
configure:4338: checking how to run the C preprocessor
configure:4369: gcc -E  conftest.c
configure:4369: $? = 0
configure:4383: gcc -E  conftest.c
conftest.c:11:10: fatal error: ac_nonexistent.h: No such file or directory
   11 | #include <ac_nonexistent.h>
      |          ^~~~~~~~~~~~~~~~~~
compilation terminated.
configure:4383: $? = 1
configure: failed program was:
| /* confdefs.h */
| #define PACKAGE_NAME "ccminer_CPU"
| #define PACKAGE_TARNAME "ccminer"
| #define PACKAGE_VERSION "3.7.1"
| #define PACKAGE_STRING "ccminer_CPU 3.7.1"
| #define PACKAGE_BUGREPORT ""
| #define PACKAGE_URL "http://github.com/monkins1010/ccminer"
| #define PACKAGE "ccminer"
| #define VERSION "3.7.1"
| /* end confdefs.h.  */
| #include <ac_nonexistent.h>
configure:4408: result: gcc -E
configure:4428: gcc -E  conftest.c
configure:4428: $? = 0
configure:4442: gcc -E  conftest.c
conftest.c:11:10: fatal error: ac_nonexistent.h: No such file or directory
   11 | #include <ac_nonexistent.h>
      |          ^~~~~~~~~~~~~~~~~~
compilation terminated.
configure:4442: $? = 1
configure: failed program was:
| /* confdefs.h */
| #define PACKAGE_NAME "ccminer_CPU"
| #define PACKAGE_TARNAME "ccminer"
| #define PACKAGE_VERSION "3.7.1"
| #define PACKAGE_STRING "ccminer_CPU 3.7.1"
| #define PACKAGE_BUGREPORT ""
| #define PACKAGE_URL "http://github.com/monkins1010/ccminer"
| #define PACKAGE "ccminer"
| #define VERSION "3.7.1"
| /* end confdefs.h.  */
| #include <ac_nonexistent.h>
configure:4471: checking for grep that handles long lines and -e
configure:4529: result: /usr/bin/grep
configure:4534: checking for egrep
configure:4596: result: /usr/bin/grep -E
configure:4602: checking whether gcc needs -traditional
configure:4636: result: no
configure:4653: checking dependency style of gcc
configure:4762: result: gcc3
configure:4820: checking for ranlib
configure:4836: found /usr/bin/ranlib
configure:4847: result: ranlib
configure:4927: checking for g++
configure:4943: found /usr/bin/g++
configure:4954: result: g++
configure:4981: checking for C++ compiler version
configure:4990: g++ --version >&5
g++ (Debian 10.2.1-6) 10.2.1 20210110
Copyright (C) 2020 Free Software Foundation, Inc.
This is free software; see the source for copying conditions.  There is NO
warranty; not even for MERCHANTABILITY or FITNESS FOR A PARTICULAR PURPOSE.

configure:5001: $? = 0
configure:4990: g++ -v >&5
Using built-in specs.
COLLECT_GCC=g++
COLLECT_LTO_WRAPPER=/usr/lib/gcc/x86_64-linux-gnu/10/lto-wrapper
OFFLOAD_TARGET_NAMES=nvptx-none:amdgcn-amdhsa:hsa
OFFLOAD_TARGET_DEFAULT=1
Target: x86_64-linux-gnu
Configured with: ../src/configure -v --with-pkgversion='Debian 10.2.1-6' --with-bugurl=file:///usr/share/doc/gcc-10/README.Bugs --enable-languages=c,ada,c++,go,brig,d,fortran,objc,obj-c++,m2 --prefix=/usr --with-gcc-major-version-only --program-suffix=-10 --program-prefix=x86_64-linux-gnu- --enable-shared --enable-linker-build-id --libexecdir=/usr/lib --without-included-gettext --enable-threads=posix --libdir=/usr/lib --enable-nls --enable-bootstrap --enable-clocale=gnu --enable-libstdcxx-debug --enable-libstdcxx-time=yes --with-default-libstdcxx-abi=new --enable-gnu-unique-object --disable-vtable-verify --enable-plugin --enable-default-pie --with-system-zlib --enable-libphobos-checking=release --with-target-system-zlib=auto --enable-objc-gc=auto --enable-multiarch --disable-werror --with-arch-32=i686 --with-abi=m64 --with-multilib-list=m32,m64,mx32 --enable-multilib --with-tune=generic --enable-offload-targets=nvptx-none=/build/gcc-10-Km9U7s/gcc-10-10.2.1/debian/tmp-nvptx/usr,amdgcn-amdhsa=/build/gcc-10-Km9U7s/gcc-10-10.2.1/debian/tmp-gcn/usr,hsa --without-cuda-driver --enable-checking=release --build=x86_64-linux-gnu --host=x86_64-linux-gnu --target=x86_64-linux-gnu --with-build-config=bootstrap-lto-lean --enable-link-mutex
Thread model: posix
Supported LTO compression algorithms: zlib zstd
gcc version 10.2.1 20210110 (Debian 10.2.1-6) 
... rest of stderr output deleted ...
configure:5001: $? = 0
configure:4990: g++ -V >&5
g++: error: unrecognized command-line option '-V'
g++: fatal error: no input files
compilation terminated.
configure:5001: $? = 1
configure:4990: g++ -qversion >&5
g++: error: unrecognized command-line option '-qversion'; did you mean '--version'?
g++: fatal error: no input files
compilation terminated.
configure:5001: $? = 1
configure:5005: checking whether we are using the GNU C++ compiler
configure:5024: g++ -c -O2 -march=native -D_REENTRANT -falign-functions=16 -falign-jumps=16 -falign-labels=16  conftest.cpp >&5
configure:5024: $? = 0
configure:5033: result: yes
configure:5042: checking whether g++ accepts -g
configure:5062: g++ -c -g  conftest.cpp >&5
configure:5062: $? = 0
configure:5103: result: yes
configure:5128: checking dependency style of g++
configure:5239: result: gcc3
configure:5262: checking for gcc option to support OpenMP
configure:5277: gcc -o conftest -g -O2   conftest.c  >&5
conftest.c:13:2: error: unknown type name 'choke'
   13 |  choke me
      |  ^~~~~
conftest.c:13:10: error: expected ';' before 'typedef'
   13 |  choke me
      |          ^
      |          ;
configure:5277: $? = 1
configure: failed program was:
| /* confdefs.h */
| #define PACKAGE_NAME "ccminer_CPU"
| #define PACKAGE_TARNAME "ccminer"
| #define PACKAGE_VERSION "3.7.1"
| #define PACKAGE_STRING "ccminer_CPU 3.7.1"
| #define PACKAGE_BUGREPORT ""
| #define PACKAGE_URL "http://github.com/monkins1010/ccminer"
| #define PACKAGE "ccminer"
| #define VERSION "3.7.1"
| /* end confdefs.h.  */
| 
| #ifndef _OPENMP
|  choke me
| #endif
| #include <omp.h>
| int main () { return omp_get_num_threads (); }
| 
configure:5295: gcc -o conftest -g -O2 -fopenmp   conftest.c  >&5
configure:5295: $? = 0
configure:5309: result: -fopenmp
configure:5321: checking for ANSI C header files
configure:5341: gcc -c -g -O2  conftest.c >&5
configure:5341: $? = 0
configure:5414: gcc -o conftest -g -O2   conftest.c  >&5
configure:5414: $? = 0
configure:5414: ./conftest
configure:5414: $? = 0
configure:5425: result: yes
configure:5438: checking for sys/types.h
configure:5438: gcc -c -g -O2  conftest.c >&5
configure:5438: $? = 0
configure:5438: result: yes
configure:5438: checking for sys/stat.h
configure:5438: gcc -c -g -O2  conftest.c >&5
configure:5438: $? = 0
configure:5438: result: yes
configure:5438: checking for stdlib.h
configure:5438: gcc -c -g -O2  conftest.c >&5
configure:5438: $? = 0
configure:5438: result: yes
configure:5438: checking for string.h
configure:5438: gcc -c -g -O2  conftest.c >&5
configure:5438: $? = 0
configure:5438: result: yes
configure:5438: checking for memory.h
configure:5438: gcc -c -g -O2  conftest.c >&5
configure:5438: $? = 0
configure:5438: result: yes
configure:5438: checking for strings.h
configure:5438: gcc -c -g -O2  conftest.c >&5
configure:5438: $? = 0
configure:5438: result: yes
configure:5438: checking for inttypes.h
configure:5438: gcc -c -g -O2  conftest.c >&5
configure:5438: $? = 0
configure:5438: result: yes
configure:5438: checking for stdint.h
configure:5438: gcc -c -g -O2  conftest.c >&5
configure:5438: $? = 0
configure:5438: result: yes
configure:5438: checking for unistd.h
configure:5438: gcc -c -g -O2  conftest.c >&5
configure:5438: $? = 0
configure:5438: result: yes
configure:5453: checking sys/endian.h usability
configure:5453: gcc -c -g -O2  conftest.c >&5
conftest.c:54:10: fatal error: sys/endian.h: No such file or directory
   54 | #include <sys/endian.h>
      |          ^~~~~~~~~~~~~~
compilation terminated.
configure:5453: $? = 1
configure: failed program was:
| /* confdefs.h */
| #define PACKAGE_NAME "ccminer_CPU"
| #define PACKAGE_TARNAME "ccminer"
| #define PACKAGE_VERSION "3.7.1"
| #define PACKAGE_STRING "ccminer_CPU 3.7.1"
| #define PACKAGE_BUGREPORT ""
| #define PACKAGE_URL "http://github.com/monkins1010/ccminer"
| #define PACKAGE "ccminer"
| #define VERSION "3.7.1"
| #define STDC_HEADERS 1
| #define HAVE_SYS_TYPES_H 1
| #define HAVE_SYS_STAT_H 1
| #define HAVE_STDLIB_H 1
| #define HAVE_STRING_H 1
| #define HAVE_MEMORY_H 1
| #define HAVE_STRINGS_H 1
| #define HAVE_INTTYPES_H 1
| #define HAVE_STDINT_H 1
| #define HAVE_UNISTD_H 1
| /* end confdefs.h.  */
| #include <stdio.h>
| #ifdef HAVE_SYS_TYPES_H
| # include <sys/types.h>
| #endif
| #ifdef HAVE_SYS_STAT_H
| # include <sys/stat.h>
| #endif
| #ifdef STDC_HEADERS
| # include <stdlib.h>
| # include <stddef.h>
| #else
| # ifdef HAVE_STDLIB_H
| #  include <stdlib.h>
| # endif
| #endif
| #ifdef HAVE_STRING_H
| # if !defined STDC_HEADERS && defined HAVE_MEMORY_H
| #  include <memory.h>
| # endif
| # include <string.h>
| #endif
| #ifdef HAVE_STRINGS_H
| # include <strings.h>
| #endif
| #ifdef HAVE_INTTYPES_H
| # include <inttypes.h>
| #endif
| #ifdef HAVE_STDINT_H
| # include <stdint.h>
| #endif
| #ifdef HAVE_UNISTD_H
| # include <unistd.h>
| #endif
| #include <sys/endian.h>
configure:5453: result: no
configure:5453: checking sys/endian.h presence
configure:5453: gcc -E  conftest.c
conftest.c:21:10: fatal error: sys/endian.h: No such file or directory
   21 | #include <sys/endian.h>
      |          ^~~~~~~~~~~~~~
compilation terminated.
configure:5453: $? = 1
configure: failed program was:
| /* confdefs.h */
| #define PACKAGE_NAME "ccminer_CPU"
| #define PACKAGE_TARNAME "ccminer"
| #define PACKAGE_VERSION "3.7.1"
| #define PACKAGE_STRING "ccminer_CPU 3.7.1"
| #define PACKAGE_BUGREPORT ""
| #define PACKAGE_URL "http://github.com/monkins1010/ccminer"
| #define PACKAGE "ccminer"
| #define VERSION "3.7.1"
| #define STDC_HEADERS 1
| #define HAVE_SYS_TYPES_H 1
| #define HAVE_SYS_STAT_H 1
| #define HAVE_STDLIB_H 1
| #define HAVE_STRING_H 1
| #define HAVE_MEMORY_H 1
| #define HAVE_STRINGS_H 1
| #define HAVE_INTTYPES_H 1
| #define HAVE_STDINT_H 1
| #define HAVE_UNISTD_H 1
| /* end confdefs.h.  */
| #include <sys/endian.h>
configure:5453: result: no
configure:5453: checking for sys/endian.h
configure:5453: result: no
configure:5453: checking sys/param.h usability
configure:5453: gcc -c -g -O2  conftest.c >&5
configure:5453: $? = 0
configure:5453: result: yes
configure:5453: checking sys/param.h presence
configure:5453: gcc -E  conftest.c
configure:5453: $? = 0
configure:5453: result: yes
configure:5453: checking for sys/param.h
configure:5453: result: yes
configure:5453: checking syslog.h usability
configure:5453: gcc -c -g -O2  conftest.c >&5
configure:5453: $? = 0
configure:5453: result: yes
configure:5453: checking syslog.h presence
configure:5453: gcc -E  conftest.c
configure:5453: $? = 0
configure:5453: result: yes
configure:5453: checking for syslog.h
configure:5453: result: yes
configure:5467: checking for sys/sysctl.h
configure:5467: gcc -c -g -O2  conftest.c >&5
In file included from conftest.c:29:
/usr/include/x86_64-linux-gnu/sys/sysctl.h:21:2: warning: #warning "The <sys/sysctl.h> header is deprecated and will be removed." [-Wcpp]
   21 | #warning "The <sys/sysctl.h> header is deprecated and will be removed."
      |  ^~~~~~~
configure:5467: $? = 0
configure:5467: result: yes
configure:5483: checking whether be32dec is declared
configure:5483: gcc -c -g -O2  conftest.c >&5
conftest.c: In function 'main':
conftest.c:69:10: error: 'be32dec' undeclared (first use in this function)
   69 |   (void) be32dec;
      |          ^~~~~~~
conftest.c:69:10: note: each undeclared identifier is reported only once for each function it appears in
configure:5483: $? = 1
configure: failed program was:
| /* confdefs.h */
| #define PACKAGE_NAME "ccminer_CPU"
| #define PACKAGE_TARNAME "ccminer"
| #define PACKAGE_VERSION "3.7.1"
| #define PACKAGE_STRING "ccminer_CPU 3.7.1"
| #define PACKAGE_BUGREPORT ""
| #define PACKAGE_URL "http://github.com/monkins1010/ccminer"
| #define PACKAGE "ccminer"
| #define VERSION "3.7.1"
| #define STDC_HEADERS 1
| #define HAVE_SYS_TYPES_H 1
| #define HAVE_SYS_STAT_H 1
| #define HAVE_STDLIB_H 1
| #define HAVE_STRING_H 1
| #define HAVE_MEMORY_H 1
| #define HAVE_STRINGS_H 1
| #define HAVE_INTTYPES_H 1
| #define HAVE_STDINT_H 1
| #define HAVE_UNISTD_H 1
| #define HAVE_SYS_PARAM_H 1
| #define HAVE_SYSLOG_H 1
| #define HAVE_SYS_SYSCTL_H 1
| /* end confdefs.h.  */
| #include <stdio.h>
| #ifdef HAVE_SYS_TYPES_H
| # include <sys/types.h>
| #endif
| #ifdef HAVE_SYS_STAT_H
| # include <sys/stat.h>
| #endif
| #ifdef STDC_HEADERS
| # include <stdlib.h>
| # include <stddef.h>
| #else
| # ifdef HAVE_STDLIB_H
| #  include <stdlib.h>
| # endif
| #endif
| #ifdef HAVE_STRING_H
| # if !defined STDC_HEADERS && defined HAVE_MEMORY_H
| #  include <memory.h>
| # endif
| # include <string.h>
| #endif
| #ifdef HAVE_STRINGS_H
| # include <strings.h>
| #endif
| #ifdef HAVE_INTTYPES_H
| # include <inttypes.h>
| #endif
| #ifdef HAVE_STDINT_H
| # include <stdint.h>
| #endif
| #ifdef HAVE_UNISTD_H
| # include <unistd.h>
| #endif
| #ifdef HAVE_SYS_ENDIAN_H
| #include <sys/endian.h>
| #endif
| 
| 
| int
| main ()
| {
| #ifndef be32dec
| #ifdef __cplusplus
|   (void) be32dec;
| #else
|   (void) be32dec;
| #endif
| #endif
| 
|   ;
|   return 0;
| }
configure:5483: result: no
configure:5498: checking whether le32dec is declared
configure:5498: gcc -c -g -O2  conftest.c >&5
conftest.c: In function 'main':
conftest.c:70:10: error: 'le32dec' undeclared (first use in this function)
   70 |   (void) le32dec;
      |          ^~~~~~~
conftest.c:70:10: note: each undeclared identifier is reported only once for each function it appears in
configure:5498: $? = 1
configure: failed program was:
| /* confdefs.h */
| #define PACKAGE_NAME "ccminer_CPU"
| #define PACKAGE_TARNAME "ccminer"
| #define PACKAGE_VERSION "3.7.1"
| #define PACKAGE_STRING "ccminer_CPU 3.7.1"
| #define PACKAGE_BUGREPORT ""
| #define PACKAGE_URL "http://github.com/monkins1010/ccminer"
| #define PACKAGE "ccminer"
| #define VERSION "3.7.1"
| #define STDC_HEADERS 1
| #define HAVE_SYS_TYPES_H 1
| #define HAVE_SYS_STAT_H 1
| #define HAVE_STDLIB_H 1
| #define HAVE_STRING_H 1
| #define HAVE_MEMORY_H 1
| #define HAVE_STRINGS_H 1
| #define HAVE_INTTYPES_H 1
| #define HAVE_STDINT_H 1
| #define HAVE_UNISTD_H 1
| #define HAVE_SYS_PARAM_H 1
| #define HAVE_SYSLOG_H 1
| #define HAVE_SYS_SYSCTL_H 1
| #define HAVE_DECL_BE32DEC 0
| /* end confdefs.h.  */
| #include <stdio.h>
| #ifdef HAVE_SYS_TYPES_H
| # include <sys/types.h>
| #endif
| #ifdef HAVE_SYS_STAT_H
| # include <sys/stat.h>
| #endif
| #ifdef STDC_HEADERS
| # include <stdlib.h>
| # include <stddef.h>
| #else
| # ifdef HAVE_STDLIB_H
| #  include <stdlib.h>
| # endif
| #endif
| #ifdef HAVE_STRING_H
| # if !defined STDC_HEADERS && defined HAVE_MEMORY_H
| #  include <memory.h>
| # endif
| # include <string.h>
| #endif
| #ifdef HAVE_STRINGS_H
| # include <strings.h>
| #endif
| #ifdef HAVE_INTTYPES_H
| # include <inttypes.h>
| #endif
| #ifdef HAVE_STDINT_H
| # include <stdint.h>
| #endif
| #ifdef HAVE_UNISTD_H
| # include <unistd.h>
| #endif
| #ifdef HAVE_SYS_ENDIAN_H
| #include <sys/endian.h>
| #endif
| 
| 
| int
| main ()
| {
| #ifndef le32dec
| #ifdef __cplusplus
|   (void) le32dec;
| #else
|   (void) le32dec;
| #endif
| #endif
| 
|   ;
|   return 0;
| }
configure:5498: result: no
configure:5513: checking whether be32enc is declared
configure:5513: gcc -c -g -O2  conftest.c >&5
conftest.c: In function 'main':
conftest.c:71:10: error: 'be32enc' undeclared (first use in this function)
   71 |   (void) be32enc;
      |          ^~~~~~~
conftest.c:71:10: note: each undeclared identifier is reported only once for each function it appears in
configure:5513: $? = 1
configure: failed program was:
| /* confdefs.h */
| #define PACKAGE_NAME "ccminer_CPU"
| #define PACKAGE_TARNAME "ccminer"
| #define PACKAGE_VERSION "3.7.1"
| #define PACKAGE_STRING "ccminer_CPU 3.7.1"
| #define PACKAGE_BUGREPORT ""
| #define PACKAGE_URL "http://github.com/monkins1010/ccminer"
| #define PACKAGE "ccminer"
| #define VERSION "3.7.1"
| #define STDC_HEADERS 1
| #define HAVE_SYS_TYPES_H 1
| #define HAVE_SYS_STAT_H 1
| #define HAVE_STDLIB_H 1
| #define HAVE_STRING_H 1
| #define HAVE_MEMORY_H 1
| #define HAVE_STRINGS_H 1
| #define HAVE_INTTYPES_H 1
| #define HAVE_STDINT_H 1
| #define HAVE_UNISTD_H 1
| #define HAVE_SYS_PARAM_H 1
| #define HAVE_SYSLOG_H 1
| #define HAVE_SYS_SYSCTL_H 1
| #define HAVE_DECL_BE32DEC 0
| #define HAVE_DECL_LE32DEC 0
| /* end confdefs.h.  */
| #include <stdio.h>
| #ifdef HAVE_SYS_TYPES_H
| # include <sys/types.h>
| #endif
| #ifdef HAVE_SYS_STAT_H
| # include <sys/stat.h>
| #endif
| #ifdef STDC_HEADERS
| # include <stdlib.h>
| # include <stddef.h>
| #else
| # ifdef HAVE_STDLIB_H
| #  include <stdlib.h>
| # endif
| #endif
| #ifdef HAVE_STRING_H
| # if !defined STDC_HEADERS && defined HAVE_MEMORY_H
| #  include <memory.h>
| # endif
| # include <string.h>
| #endif
| #ifdef HAVE_STRINGS_H
| # include <strings.h>
| #endif
| #ifdef HAVE_INTTYPES_H
| # include <inttypes.h>
| #endif
| #ifdef HAVE_STDINT_H
| # include <stdint.h>
| #endif
| #ifdef HAVE_UNISTD_H
| # include <unistd.h>
| #endif
| #ifdef HAVE_SYS_ENDIAN_H
| #include <sys/endian.h>
| #endif
| 
| 
| int
| main ()
| {
| #ifndef be32enc
| #ifdef __cplusplus
|   (void) be32enc;
| #else
|   (void) be32enc;
| #endif
| #endif
| 
|   ;
|   return 0;
| }
configure:5513: result: no
configure:5528: checking whether le32enc is declared
configure:5528: gcc -c -g -O2  conftest.c >&5
conftest.c: In function 'main':
conftest.c:72:10: error: 'le32enc' undeclared (first use in this function)
   72 |   (void) le32enc;
      |          ^~~~~~~
conftest.c:72:10: note: each undeclared identifier is reported only once for each function it appears in
configure:5528: $? = 1
configure: failed program was:
| /* confdefs.h */
| #define PACKAGE_NAME "ccminer_CPU"
| #define PACKAGE_TARNAME "ccminer"
| #define PACKAGE_VERSION "3.7.1"
| #define PACKAGE_STRING "ccminer_CPU 3.7.1"
| #define PACKAGE_BUGREPORT ""
| #define PACKAGE_URL "http://github.com/monkins1010/ccminer"
| #define PACKAGE "ccminer"
| #define VERSION "3.7.1"
| #define STDC_HEADERS 1
| #define HAVE_SYS_TYPES_H 1
| #define HAVE_SYS_STAT_H 1
| #define HAVE_STDLIB_H 1
| #define HAVE_STRING_H 1
| #define HAVE_MEMORY_H 1
| #define HAVE_STRINGS_H 1
| #define HAVE_INTTYPES_H 1
| #define HAVE_STDINT_H 1
| #define HAVE_UNISTD_H 1
| #define HAVE_SYS_PARAM_H 1
| #define HAVE_SYSLOG_H 1
| #define HAVE_SYS_SYSCTL_H 1
| #define HAVE_DECL_BE32DEC 0
| #define HAVE_DECL_LE32DEC 0
| #define HAVE_DECL_BE32ENC 0
| /* end confdefs.h.  */
| #include <stdio.h>
| #ifdef HAVE_SYS_TYPES_H
| # include <sys/types.h>
| #endif
| #ifdef HAVE_SYS_STAT_H
| # include <sys/stat.h>
| #endif
| #ifdef STDC_HEADERS
| # include <stdlib.h>
| # include <stddef.h>
| #else
| # ifdef HAVE_STDLIB_H
| #  include <stdlib.h>
| # endif
| #endif
| #ifdef HAVE_STRING_H
| # if !defined STDC_HEADERS && defined HAVE_MEMORY_H
| #  include <memory.h>
| # endif
| # include <string.h>
| #endif
| #ifdef HAVE_STRINGS_H
| # include <strings.h>
| #endif
| #ifdef HAVE_INTTYPES_H
| # include <inttypes.h>
| #endif
| #ifdef HAVE_STDINT_H
| # include <stdint.h>
| #endif
| #ifdef HAVE_UNISTD_H
| # include <unistd.h>
| #endif
| #ifdef HAVE_SYS_ENDIAN_H
| #include <sys/endian.h>
| #endif
| 
| 
| int
| main ()
| {
| #ifndef le32enc
| #ifdef __cplusplus
|   (void) le32enc;
| #else
|   (void) le32enc;
| #endif
| #endif
| 
|   ;
|   return 0;
| }
configure:5528: result: no
configure:5545: checking for size_t
configure:5545: gcc -c -g -O2  conftest.c >&5
configure:5545: $? = 0
configure:5545: gcc -c -g -O2  conftest.c >&5
conftest.c: In function 'main':
conftest.c:64:21: error: expected expression before ')' token
   64 | if (sizeof ((size_t)))
      |                     ^
configure:5545: $? = 1
configure: failed program was:
| /* confdefs.h */
| #define PACKAGE_NAME "ccminer_CPU"
| #define PACKAGE_TARNAME "ccminer"
| #define PACKAGE_VERSION "3.7.1"
| #define PACKAGE_STRING "ccminer_CPU 3.7.1"
| #define PACKAGE_BUGREPORT ""
| #define PACKAGE_URL "http://github.com/monkins1010/ccminer"
| #define PACKAGE "ccminer"
| #define VERSION "3.7.1"
| #define STDC_HEADERS 1
| #define HAVE_SYS_TYPES_H 1
| #define HAVE_SYS_STAT_H 1
| #define HAVE_STDLIB_H 1
| #define HAVE_STRING_H 1
| #define HAVE_MEMORY_H 1
| #define HAVE_STRINGS_H 1
| #define HAVE_INTTYPES_H 1
| #define HAVE_STDINT_H 1
| #define HAVE_UNISTD_H 1
| #define HAVE_SYS_PARAM_H 1
| #define HAVE_SYSLOG_H 1
| #define HAVE_SYS_SYSCTL_H 1
| #define HAVE_DECL_BE32DEC 0
| #define HAVE_DECL_LE32DEC 0
| #define HAVE_DECL_BE32ENC 0
| #define HAVE_DECL_LE32ENC 0
| /* end confdefs.h.  */
| #include <stdio.h>
| #ifdef HAVE_SYS_TYPES_H
| # include <sys/types.h>
| #endif
| #ifdef HAVE_SYS_STAT_H
| # include <sys/stat.h>
| #endif
| #ifdef STDC_HEADERS
| # include <stdlib.h>
| # include <stddef.h>
| #else
| # ifdef HAVE_STDLIB_H
| #  include <stdlib.h>
| # endif
| #endif
| #ifdef HAVE_STRING_H
| # if !defined STDC_HEADERS && defined HAVE_MEMORY_H
| #  include <memory.h>
| # endif
| # include <string.h>
| #endif
| #ifdef HAVE_STRINGS_H
| # include <strings.h>
| #endif
| #ifdef HAVE_INTTYPES_H
| # include <inttypes.h>
| #endif
| #ifdef HAVE_STDINT_H
| # include <stdint.h>
| #endif
| #ifdef HAVE_UNISTD_H
| # include <unistd.h>
| #endif
| int
| main ()
| {
| if (sizeof ((size_t)))
| 	    return 0;
|   ;
|   return 0;
| }
configure:5545: result: yes
configure:5558: checking for working alloca.h
configure:5575: gcc -o conftest -g -O2   conftest.c  >&5
configure:5575: $? = 0
configure:5583: result: yes
configure:5591: checking for alloca
configure:5628: gcc -o conftest -g -O2   conftest.c  >&5
configure:5628: $? = 0
configure:5636: result: yes
configure:5744: checking for getopt_long
configure:5744: gcc -o conftest -g -O2   conftest.c  >&5
configure:5744: $? = 0
configure:5744: result: yes
configure:5783: checking for json_loads in -ljansson
configure:5808: gcc -o conftest -g -O2   conftest.c -ljansson   >&5
configure:5808: $? = 0
configure:5817: result: yes
configure:5825: checking for pthread_create in -lpthread
configure:5850: gcc -o conftest -g -O2   conftest.c -lpthread   >&5
configure:5850: $? = 0
configure:5859: result: yes
configure:5990: checking for gzopen in -lz
configure:6015: gcc -o conftest -g -O2   conftest.c -lz   >&5
/usr/bin/ld: cannot find -lz
collect2: error: ld returned 1 exit status
configure:6015: $? = 1
configure: failed program was:
| /* confdefs.h */
| #define PACKAGE_NAME "ccminer_CPU"
| #define PACKAGE_TARNAME "ccminer"
| #define PACKAGE_VERSION "3.7.1"
| #define PACKAGE_STRING "ccminer_CPU 3.7.1"
| #define PACKAGE_BUGREPORT ""
| #define PACKAGE_URL "http://github.com/monkins1010/ccminer"
| #define PACKAGE "ccminer"
| #define VERSION "3.7.1"
| #define STDC_HEADERS 1
| #define HAVE_SYS_TYPES_H 1
| #define HAVE_SYS_STAT_H 1
| #define HAVE_STDLIB_H 1
| #define HAVE_STRING_H 1
| #define HAVE_MEMORY_H 1
| #define HAVE_STRINGS_H 1
| #define HAVE_INTTYPES_H 1
| #define HAVE_STDINT_H 1
| #define HAVE_UNISTD_H 1
| #define HAVE_SYS_PARAM_H 1
| #define HAVE_SYSLOG_H 1
| #define HAVE_SYS_SYSCTL_H 1
| #define HAVE_DECL_BE32DEC 0
| #define HAVE_DECL_LE32DEC 0
| #define HAVE_DECL_BE32ENC 0
| #define HAVE_DECL_LE32ENC 0
| #define HAVE_ALLOCA_H 1
| #define HAVE_ALLOCA 1
| #define HAVE_GETOPT_LONG 1
| /* end confdefs.h.  */
| 
| /* Override any GCC internal prototype to avoid an error.
|    Use char because int might match the return type of a GCC
|    builtin and then its argument prototype would still apply.  */
| #ifdef __cplusplus
| extern "C"
| #endif
| char gzopen ();
| int
| main ()
| {
| return gzopen ();
|   ;
|   return 0;
| }
configure:6024: result: no
configure:6035: checking for SSL_free in -lssl
configure:6060: gcc -o conftest -g -O2   conftest.c -lssl   >&5
configure:6060: $? = 0
configure:6069: result: yes
configure:6082: checking for EVP_DigestFinal_ex in -lcrypto
configure:6107: gcc -o conftest -g -O2   conftest.c -lcrypto  -lssl  >&5
configure:6107: $? = 0
configure:6116: result: yes
configure:6217: checking for gawk
configure:6244: result: mawk
configure:6306: checking for curl-config
configure:6324: found /usr/bin/curl-config
configure:6336: result: /usr/bin/curl-config
configure:6347: checking for the version of libcurl
configure:6354: result: 7.74.0
configure:6361: checking for libcurl >= version 7.15.2
configure:6374: result: yes
configure:6415: checking whether libcurl is usable
configure:6449: gcc -o conftest -g -O2    conftest.c -lcurl -lcrypto -lssl  >&5
configure:6449: $? = 0
configure:6463: result: yes
configure:6476: checking for curl_free
configure:6476: gcc -o conftest -g -O2    conftest.c -lcrypto -lssl  -lcurl >&5
configure:6476: $? = 0
configure:6476: result: yes
configure:6737: checking that generated files are newer than configure
configure:6743: result: done
configure:6802: creating ./config.status

## ---------------------- ##
## Running config.status. ##
## ---------------------- ##

This file was extended by ccminer_CPU config.status 3.7.1, which was
generated by GNU Autoconf 2.69.  Invocation command line was

  CONFIG_FILES    = 
  CONFIG_HEADERS  = 
  CONFIG_LINKS    = 
  CONFIG_COMMANDS = 
  $ ./config.status 

on penguin

config.status:964: creating Makefile
config.status:964: creating compat/Makefile
config.status:964: creating compat/jansson/Makefile
config.status:964: creating ccminer-config.h
config.status:1193: executing depfiles commands
config.status:1270: cd .       && sed -e '/# am--include-marker/d' Makefile         | make -f - am--depfiles
config.status:1275: $? = 0
config.status:1270: cd compat/jansson       && sed -e '/# am--include-marker/d' Makefile         | make -f - am--depfiles
config.status:1275: $? = 0

## ---------------- ##
## Cache variables. ##
## ---------------- ##

ac_cv_build=x86_64-unknown-linux-gnu
ac_cv_c_compiler_gnu=yes
ac_cv_cxx_compiler_gnu=yes
ac_cv_env_CCASFLAGS_set=
ac_cv_env_CCASFLAGS_value=
ac_cv_env_CCAS_set=
ac_cv_env_CCAS_value=
ac_cv_env_CCC_set=
ac_cv_env_CCC_value=
ac_cv_env_CC_set=
ac_cv_env_CC_value=
ac_cv_env_CFLAGS_set=
ac_cv_env_CFLAGS_value=
ac_cv_env_CPPFLAGS_set=
ac_cv_env_CPPFLAGS_value=
ac_cv_env_CPP_set=
ac_cv_env_CPP_value=
ac_cv_env_CXXFLAGS_set=set
ac_cv_env_CXXFLAGS_value='-O2 -march=native -D_REENTRANT -falign-functions=16 -falign-jumps=16 -falign-labels=16'
ac_cv_env_CXX_set=
ac_cv_env_CXX_value=
ac_cv_env_LDFLAGS_set=
ac_cv_env_LDFLAGS_value=
ac_cv_env_LIBS_set=
ac_cv_env_LIBS_value=
ac_cv_env_build_alias_set=
ac_cv_env_build_alias_value=
ac_cv_env_host_alias_set=
ac_cv_env_host_alias_value=
ac_cv_env_target_alias_set=
ac_cv_env_target_alias_value=
ac_cv_func_alloca_works=yes
ac_cv_func_curl_free=yes
ac_cv_func_getopt_long=yes
ac_cv_have_decl_be32dec=no
ac_cv_have_decl_be32enc=no
ac_cv_have_decl_le32dec=no
ac_cv_have_decl_le32enc=no
ac_cv_header_inttypes_h=yes
ac_cv_header_memory_h=yes
ac_cv_header_stdc=yes
ac_cv_header_stdint_h=yes
ac_cv_header_stdlib_h=yes
ac_cv_header_string_h=yes
ac_cv_header_strings_h=yes
ac_cv_header_sys_endian_h=no
ac_cv_header_sys_param_h=yes
ac_cv_header_sys_stat_h=yes
ac_cv_header_sys_sysctl_h=yes
ac_cv_header_sys_types_h=yes
ac_cv_header_syslog_h=yes
ac_cv_header_unistd_h=yes
ac_cv_host=x86_64-unknown-linux-gnu
ac_cv_lib_crypto_EVP_DigestFinal_ex=yes
ac_cv_lib_jansson_json_loads=yes
ac_cv_lib_pthread_pthread_create=yes
ac_cv_lib_ssl_SSL_free=yes
ac_cv_lib_z_gzopen=no
ac_cv_objext=o
ac_cv_path_EGREP='/usr/bin/grep -E'
ac_cv_path_GREP=/usr/bin/grep
ac_cv_path__libcurl_config=/usr/bin/curl-config
ac_cv_path_install='/usr/bin/install -c'
ac_cv_path_mkdir=/usr/bin/mkdir
ac_cv_prog_AWK=mawk
ac_cv_prog_CPP='gcc -E'
ac_cv_prog_ac_ct_CC=gcc
ac_cv_prog_ac_ct_CXX=g++
ac_cv_prog_ac_ct_RANLIB=ranlib
ac_cv_prog_c_openmp=-fopenmp
ac_cv_prog_cc_c89=
ac_cv_prog_cc_c99=
ac_cv_prog_cc_g=yes
ac_cv_prog_cxx_g=yes
ac_cv_prog_gcc_traditional=no
ac_cv_prog_make_make_set=yes
ac_cv_target=x86_64-unknown-linux-gnu
ac_cv_type_size_t=yes
ac_cv_working_alloca_h=yes
am_cv_CCAS_dependencies_compiler_type=gcc3
am_cv_CC_dependencies_compiler_type=gcc3
am_cv_CXX_dependencies_compiler_type=gcc3
am_cv_make_support_nested_variables=yes
am_cv_prog_cc_c_o=yes
libcurl_cv_lib_curl_usable=yes
libcurl_cv_lib_curl_version=7.74.0
libcurl_cv_lib_version_ok=yes

## ----------------- ##
## Output variables. ##
## ----------------- ##

ACLOCAL='${SHELL} '\''/home/shreyasitb/ccminer-Verus2.2/missing'\'' aclocal-1.16'
ALLOCA=''
AMDEPBACKSLASH='\'
AMDEP_FALSE='#'
AMDEP_TRUE=''
AMTAR='$${TAR-tar}'
AM_BACKSLASH='\'
AM_DEFAULT_V='$(AM_DEFAULT_VERBOSITY)'
AM_DEFAULT_VERBOSITY='1'
AM_V='$(V)'
ARCH_x86_64_FALSE='#'
ARCH_x86_64_TRUE=''
ARCH_x86_FALSE='#'
ARCH_x86_TRUE=''
AUTOCONF='${SHELL} '\''/home/shreyasitb/ccminer-Verus2.2/missing'\'' autoconf'
AUTOHEADER='${SHELL} '\''/home/shreyasitb/ccminer-Verus2.2/missing'\'' autoheader'
AUTOMAKE='${SHELL} '\''/home/shreyasitb/ccminer-Verus2.2/missing'\'' automake-1.16'
AWK='mawk'
CC='gcc'
CCAS='gcc'
CCASDEPMODE='depmode=gcc3'
CCASFLAGS='-g -O2'
CCDEPMODE='depmode=gcc3'
CFLAGS='-g -O2'
CPP='gcc -E'
CPPFLAGS=''
CUDA_CFLAGS=''
CUDA_INCLUDES='-I/usr/local/cuda/include'
CUDA_LDFLAGS='-L/usr/local/cuda/lib64'
CUDA_LIBS='-lcudart -static-libstdc++'
CXX='g++'
CXXDEPMODE='depmode=gcc3'
CXXFLAGS='-O2 -march=native -D_REENTRANT -falign-functions=16 -falign-jumps=16 -falign-labels=16'
CYGPATH_W='echo'
DEFS='-DHAVE_CONFIG_H'
DEPDIR='.deps'
ECHO_C=''
ECHO_N='-n'
ECHO_T=''
EGREP='/usr/bin/grep -E'
EXEEXT=''
GREP='/usr/bin/grep'
HAVE_NVML_FALSE=''
HAVE_NVML_TRUE='#'
HAVE_OSX_FALSE=''
HAVE_OSX_TRUE='#'
HAVE_WINDOWS_FALSE=''
HAVE_WINDOWS_TRUE='#'
INSTALL_DATA='${INSTALL} -m 644'
INSTALL_PROGRAM='${INSTALL}'
INSTALL_SCRIPT='${INSTALL}'
INSTALL_STRIP_PROGRAM='$(install_sh) -c -s'
JANSSON_LIBS='-ljansson'
LDFLAGS=''
LIBCURL='-lcurl'
LIBCURL_CPPFLAGS=''
LIBOBJS=''
LIBS='-lcrypto -lssl '
LTLIBOBJS=''
MAINT='#'
MAINTAINER_MODE_FALSE=''
MAINTAINER_MODE_TRUE='#'
MAKEINFO='${SHELL} '\''/home/shreyasitb/ccminer-Verus2.2/missing'\'' makeinfo'
MKDIR_P='/usr/bin/mkdir -p'
NVCC='nvcc'
NVML_LIBPATH=''
OBJEXT='o'
OPENMP_CFLAGS='-fopenmp'
PACKAGE='ccminer'
PACKAGE_BUGREPORT=''
PACKAGE_NAME='ccminer_CPU'
PACKAGE_STRING='ccminer_CPU 3.7.1'
PACKAGE_TARNAME='ccminer'
PACKAGE_URL='http://github.com/monkins1010/ccminer'
PACKAGE_VERSION='3.7.1'
PATH_SEPARATOR=':'
PTHREAD_FLAGS='-pthread'
PTHREAD_LIBS='-lpthread'
RANLIB='ranlib'
SET_MAKE=''
SHELL='/bin/bash'
STRIP=''
VERSION='3.7.1'
WANT_JANSSON_FALSE=''
WANT_JANSSON_TRUE='#'
WS2_LIBS=''
_libcurl_config=''
ac_ct_CC='gcc'
ac_ct_CXX='g++'
am__EXEEXT_FALSE=''
am__EXEEXT_TRUE='#'
am__fastdepCCAS_FALSE='#'
am__fastdepCCAS_TRUE=''
am__fastdepCC_FALSE='#'
am__fastdepCC_TRUE=''
am__fastdepCXX_FALSE='#'
am__fastdepCXX_TRUE=''
am__include='include'
am__isrc=''
am__leading_dot='.'
am__nodep='_no'
am__quote=''
am__tar='$${TAR-tar} chof - "$$tardir"'
am__untar='$${TAR-tar} xf -'
bindir='${exec_prefix}/bin'
build='x86_64-unknown-linux-gnu'
build_alias=''
build_cpu='x86_64'
build_os='linux-gnu'
build_vendor='unknown'
datadir='${datarootdir}'
datarootdir='${prefix}/share'
docdir='${datarootdir}/doc/${PACKAGE_TARNAME}'
dvidir='${docdir}'
exec_prefix='${prefix}'
host='x86_64-unknown-linux-gnu'
host_alias=''
host_cpu='x86_64'
host_os='linux-gnu'
host_vendor='unknown'
htmldir='${docdir}'
includedir='${prefix}/include'
infodir='${datarootdir}/info'
install_sh='${SHELL} /home/shreyasitb/ccminer-Verus2.2/install-sh'
libdir='${exec_prefix}/lib'
libexecdir='${exec_prefix}/libexec'
localedir='${datarootdir}/locale'
localstatedir='${prefix}/var'
mandir='${datarootdir}/man'
mkdir_p='$(MKDIR_P)'
oldincludedir='/usr/include'
pdfdir='${docdir}'
prefix='/usr/local'
program_transform_name='s,x,x,'
psdir='${docdir}'
runstatedir='${localstatedir}/run'
sbindir='${exec_prefix}/sbin'
sharedstatedir='${prefix}/com'
sysconfdir='${prefix}/etc'
target='x86_64-unknown-linux-gnu'
target_alias=''
target_cpu='x86_64'
target_os='linux-gnu'
target_vendor='unknown'

## ----------- ##
## confdefs.h. ##
## ----------- ##

/* confdefs.h */
#define PACKAGE_NAME "ccminer_CPU"
#define PACKAGE_TARNAME "ccminer"
#define PACKAGE_VERSION "3.7.1"
#define PACKAGE_STRING "ccminer_CPU 3.7.1"
#define PACKAGE_BUGREPORT ""
#define PACKAGE_URL "http://github.com/monkins1010/ccminer"
#define PACKAGE "ccminer"
#define VERSION "3.7.1"
#define STDC_HEADERS 1
#define HAVE_SYS_TYPES_H 1
#define HAVE_SYS_STAT_H 1
#define HAVE_STDLIB_H 1
#define HAVE_STRING_H 1
#define HAVE_MEMORY_H 1
#define HAVE_STRINGS_H 1
#define HAVE_INTTYPES_H 1
#define HAVE_STDINT_H 1
#define HAVE_UNISTD_H 1
#define HAVE_SYS_PARAM_H 1
#define HAVE_SYSLOG_H 1
#define HAVE_SYS_SYSCTL_H 1
#define HAVE_DECL_BE32DEC 0
#define HAVE_DECL_LE32DEC 0
#define HAVE_DECL_BE32ENC 0
#define HAVE_DECL_LE32ENC 0
#define HAVE_ALLOCA_H 1
#define HAVE_ALLOCA 1
#define HAVE_GETOPT_LONG 1
#define HAVE_LIBSSL 1
#define HAVE_LIBCRYPTO 1
#define HAVE_LIBCURL 1
#define LIBCURL_FEATURE_ASYNCHDNS 1
#define LIBCURL_FEATURE_GSS_API 1
#define LIBCURL_FEATURE_HTTP2 1
#define LIBCURL_FEATURE_HTTPS_PROXY 1
#define LIBCURL_FEATURE_IDN 1
#define LIBCURL_FEATURE_IPV6 1
#define LIBCURL_FEATURE_KERBEROS 1
#define LIBCURL_FEATURE_NTLM 1
#define LIBCURL_FEATURE_NTLM_WB 1
#define LIBCURL_FEATURE_PSL 1
#define LIBCURL_FEATURE_SPNEGO 1
#define LIBCURL_FEATURE_SSL 1
#define LIBCURL_FEATURE_TLS_SRP 1
#define LIBCURL_FEATURE_UNIXSOCKETS 1
#define LIBCURL_FEATURE_ALT_SVC 1
#define LIBCURL_FEATURE_BROTLI 1
#define LIBCURL_FEATURE_LIBZ 1
#define LIBCURL_PROTOCOL_DICT 1
#define LIBCURL_PROTOCOL_FILE 1
#define LIBCURL_PROTOCOL_FTP 1
#define LIBCURL_PROTOCOL_FTPS 1
#define LIBCURL_PROTOCOL_GOPHER 1
#define LIBCURL_PROTOCOL_HTTP 1
#define LIBCURL_PROTOCOL_HTTPS 1
#define LIBCURL_PROTOCOL_IMAP 1
#define LIBCURL_PROTOCOL_IMAPS 1
#define LIBCURL_PROTOCOL_LDAP 1
#define LIBCURL_PROTOCOL_LDAPS 1
#define LIBCURL_PROTOCOL_MQTT 1
#define LIBCURL_PROTOCOL_POP3 1
#define LIBCURL_PROTOCOL_POP3S 1
#define LIBCURL_PROTOCOL_RTMP 1
#define LIBCURL_PROTOCOL_RTSP 1
#define LIBCURL_PROTOCOL_SCP 1
#define LIBCURL_PROTOCOL_SFTP 1
#define LIBCURL_PROTOCOL_SMB 1
#define LIBCURL_PROTOCOL_SMBS 1
#define LIBCURL_PROTOCOL_SMTP 1
#define LIBCURL_PROTOCOL_SMTPS 1
#define LIBCURL_PROTOCOL_TELNET 1
#define LIBCURL_PROTOCOL_TFTP 1

configure: exit 0
